********************************************************************************
product = WebSphere Application Server 19.0.0.5 (wlp-1.0.28.cl190520190522-2227)
wlp.install.dir = D:/probafeladat/teszteles/anagram/wlp/
java.home = C:\Users\DAVID\.jdks\temurin-1.8.0_402\jre
java.version = 1.8.0_402
java.runtime = OpenJDK Runtime Environment (1.8.0_402-b06)
os = Windows 10 (10.0; amd64) (en_GB)
process = 15828@DAVID-GAMER-PC
********************************************************************************
[2024.01.23. 20:06:30:230 CET] 00000001 com.ibm.ws.kernel.launch.internal.FrameworkManager           A CWWKE0001I: The server defaultServer has been launched.
[2024.01.23. 20:06:30:266 CET] 00000001 com.ibm.ws.kernel.launch.internal.FrameworkManager           A CWWKE0100I: This product is licensed for development, and limited production use. The full license terms can be viewed here: https://public.dhe.ibm.com/ibmdl/export/pub/software/websphere/wasdev/license/base_ilan/ilan/19.0.0.5/lafiles/en.html
[2024.01.23. 20:06:33:315 CET] 00000001 com.ibm.ws.kernel.launch.internal.FrameworkManager           I CWWKE0002I: The kernel started after 8,026 seconds
[2024.01.23. 20:06:33:527 CET] 0000001b com.ibm.ws.kernel.feature.internal.FeatureManager            I CWWKF0007I: Feature update started.
[2024.01.23. 20:06:34:603 CET] 00000013 com.ibm.ws.security.ready.internal.SecurityReadyServiceImpl  I CWWKS0007I: The security service is starting...
[2024.01.23. 20:06:35:084 CET] 00000015 com.ibm.ws.ssl.config.WSKeyStore                             I CWPKI0819I: The default keystore is not created because a password is not configured on the <keyStore id="defaultKeyStore"/> element, and the 'keystore_password' environment variable is not set. 
[2024.01.23. 20:06:35:159 CET] 00000020 com.ibm.ws.security.token.ltpa.internal.LTPAKeyCreateTask    I CWWKS4105I: LTPA configuration is ready after 0,028 seconds.
[2024.01.23. 20:06:35:161 CET] 00000013 ibm.ws.security.authentication.internal.jaas.JAASServiceImpl I CWWKS1123I: The collective authentication plugin with class name NullCollectiveAuthenticationPlugin has been activated. 
[2024.01.23. 20:06:35:578 CET] 00000013 com.ibm.ws.app.manager.internal.monitor.DropinMonitor        A CWWKZ0058I: Monitoring dropins for applications.
[2024.01.23. 20:06:35:985 CET] 0000001c com.ibm.ws.tcpchannel.internal.TCPChannel                    I CWWKO0219I: TCP Channel defaultHttpEndpoint has been started and is now listening for requests on host view-localhost  (IPv4: 127.0.0.1) port 9080.
[2024.01.23. 20:06:37:017 CET] 00000013 com.ibm.ws.cache.ServerCache                                 I DYNA1001I: WebSphere Dynamic Cache instance named baseCache initialized successfully.
[2024.01.23. 20:06:37:018 CET] 00000013 com.ibm.ws.cache.ServerCache                                 I DYNA1071I: The cache provider default is being used.
[2024.01.23. 20:06:37:019 CET] 00000013 com.ibm.ws.cache.CacheServiceImpl                            I DYNA1056I: Dynamic Cache (object cache) initialized successfully.
[2024.01.23. 20:06:42:418 CET] 00000024 com.ibm.ws.app.manager.AppMessageHelper                      I CWWKZ0018I: Starting application anagram.
[2024.01.23. 20:06:45:459 CET] 00000024 org.jboss.weld.Version                                       I WELD-000900: 2.4.8 (Final)
[2024.01.23. 20:06:50:133 CET] 00000024 com.ibm.ws.session.WASSessionCore                            I SESN8501I: The session manager did not find a persistent storage location; HttpSession objects will be stored in the local application server's memory.
[2024.01.23. 20:06:50:148 CET] 00000024 com.ibm.ws.webcontainer.osgi.webapp.WebGroup                 I SRVE0169I: Loading Web Module: Anagram.
[2024.01.23. 20:06:50:150 CET] 00000024 com.ibm.ws.webcontainer                                      I SRVE0250I: Web Module Anagram has been bound to default_host.
[2024.01.23. 20:06:50:151 CET] 00000024 com.ibm.ws.http.internal.VirtualHostImpl                     A CWWKT0016I: Web application available (default_host): http://localhost:9080/anagram/
[2024.01.23. 20:06:50:155 CET] 00000024 com.ibm.ws.app.manager.AppMessageHelper                      A CWWKZ0001I: Application anagram started in 7,737 seconds.
[2024.01.23. 20:06:50:173 CET] 0000001e com.ibm.ws.session.WASSessionCore                            I SESN0176I: A new session context will be created for application key default_host/anagram
[2024.01.23. 20:06:50:188 CET] 0000001e com.ibm.ws.util                                              I SESN0172I: The session manager is using the Java default SecureRandom implementation for session ID generation.
[2024.01.23. 20:06:50:217 CET] 0000001b com.ibm.ws.kernel.feature.internal.FeatureManager            A CWWKF0012I: The server installed the following features: [appSecurity-2.0, beanValidation-1.1, cdi-1.2, concurrent-1.0, distributedMap-1.0, ejbLite-3.2, el-3.0, jaxrs-2.0, jaxrsClient-2.0, jdbc-4.1, jndi-1.0, jpa-2.1, jpaContainer-2.1, jsf-2.2, json-1.0, jsonp-1.0, jsp-2.3, localConnector-1.0, managedBeans-1.0, servlet-3.1, ssl-1.0, webProfile-7.0, websocket-1.1].
[2024.01.23. 20:06:50:221 CET] 0000001b com.ibm.ws.kernel.feature.internal.FeatureManager            I CWWKF0008I: Feature update completed in 16,904 seconds.
[2024.01.23. 20:06:50:223 CET] 0000001b com.ibm.ws.kernel.feature.internal.FeatureManager            A CWWKF0011I: The defaultServer server is ready to run a smarter planet. The defaultServer server started in 24,936 seconds.
[2024.01.23. 20:06:50:453 CET] 00000030 com.ibm.ws.webcontainer.osgi.mbeans.PluginGenerator          I SRVE9103I: A configuration file for a web server plugin was automatically generated for this server at D:\probafeladat\teszteles\anagram\wlp\usr\servers\defaultServer\logs\state\plugin-cfg.xml.
[2024.01.23. 20:06:50:455 CET] 0000001e com.ibm.ws.cache.CacheServiceImpl                            I DYNA1056I: Dynamic Cache (object cache) initialized successfully.
[2024.01.23. 20:06:50:698 CET] 0000001e SystemOut                                                    O 466550
[2024.01.23. 20:06:50:770 CET] 0000001e .jaxrs20.cdi.component.JaxRsFactoryImplicitBeanCDICustomizer W CWWKW1002W: The CDI scope of JAXRS-2.0 Provider JsonArrayWriter is javax.enterprise.context.Dependent. Liberty gets the provider instance from CDI.
[2024.01.23. 20:06:50:771 CET] 0000001e .jaxrs20.cdi.component.JaxRsFactoryImplicitBeanCDICustomizer W CWWKW1002W: The CDI scope of JAXRS-2.0 Provider JsonObjectWriter is javax.enterprise.context.Dependent. Liberty gets the provider instance from CDI.
[2024.01.23. 20:06:50:772 CET] 0000001e .jaxrs20.cdi.component.JaxRsFactoryImplicitBeanCDICustomizer W CWWKW1002W: The CDI scope of JAXRS-2.0 Provider JsonArrayReader is javax.enterprise.context.Dependent. Liberty gets the provider instance from CDI.
[2024.01.23. 20:06:50:772 CET] 0000001e .jaxrs20.cdi.component.JaxRsFactoryImplicitBeanCDICustomizer W CWWKW1002W: The CDI scope of JAXRS-2.0 Provider JsonObjectReader is javax.enterprise.context.Dependent. Liberty gets the provider instance from CDI.
[2024.01.23. 20:06:50:857 CET] 0000001e .ibm.ws.jaxrs.2.0.common:1.0.28.cl190520190522-2227(id=193)] I Setting the server's publish address to be /api/
[2024.01.23. 20:06:51:437 CET] 0000001e com.ibm.ws.webcontainer.servlet                              I SRVE0242I: [anagram] [/anagram] [javax.ws.rs.core.Application]: Initialization successful.
[2024.01.23. 20:07:46:569 CET] 0000002f SystemOut                                                    O [WordApiResponse{word='hello', phonetic='null', meanings=[Meaning{partOfSpeech='noun', definitions=[Definition{definition='"Hello!" or an equivalent greeting.', example='null'}]}, Meaning{partOfSpeech='verb', definitions=[Definition{definition='To greet with "hello".', example='null'}]}, Meaning{partOfSpeech='interjection', definitions=[Definition{definition='A greeting (salutation) said when meeting someone or acknowledging someone’s arrival or presence.', example='Hello, everyone.'}, Definition{definition='A greeting used when answering the telephone.', example='Hello? How may I help you?'}, Definition{definition='A call for response if it is not clear if anyone is present or listening, or if a telephone conversation may have been disconnected.', example='Hello? Is anyone there?'}, Definition{definition='Used sarcastically to imply that the person addressed or referred to has done something the speaker or writer considers to be foolish.', example='You just tried to start your car with your cell phone. Hello?'}, Definition{definition='An expression of puzzlement or discovery.', example='Hello! What’s going on here?'}]}]}]
[2024.01.23. 20:07:46:701 CET] 0000002f SystemOut                                                    O [WordApiResponse{word='hello', phonetic='null', meanings=[Meaning{partOfSpeech='noun', definitions=[Definition{definition='"Hello!" or an equivalent greeting.', example='null'}]}, Meaning{partOfSpeech='verb', definitions=[Definition{definition='To greet with "hello".', example='null'}]}, Meaning{partOfSpeech='interjection', definitions=[Definition{definition='A greeting (salutation) said when meeting someone or acknowledging someone’s arrival or presence.', example='Hello, everyone.'}, Definition{definition='A greeting used when answering the telephone.', example='Hello? How may I help you?'}, Definition{definition='A call for response if it is not clear if anyone is present or listening, or if a telephone conversation may have been disconnected.', example='Hello? Is anyone there?'}, Definition{definition='Used sarcastically to imply that the person addressed or referred to has done something the speaker or writer considers to be foolish.', example='You just tried to start your car with your cell phone. Hello?'}, Definition{definition='An expression of puzzlement or discovery.', example='Hello! What’s going on here?'}]}]}]
[2024.01.23. 20:07:46:701 CET] 0000002f SystemOut                                                    O WordApiResponse{word='hello', phonetic='null', meanings=[Meaning{partOfSpeech='noun', definitions=[Definition{definition='"Hello!" or an equivalent greeting.', example='null'}]}, Meaning{partOfSpeech='verb', definitions=[Definition{definition='To greet with "hello".', example='null'}]}, Meaning{partOfSpeech='interjection', definitions=[Definition{definition='A greeting (salutation) said when meeting someone or acknowledging someone’s arrival or presence.', example='Hello, everyone.'}, Definition{definition='A greeting used when answering the telephone.', example='Hello? How may I help you?'}, Definition{definition='A call for response if it is not clear if anyone is present or listening, or if a telephone conversation may have been disconnected.', example='Hello? Is anyone there?'}, Definition{definition='Used sarcastically to imply that the person addressed or referred to has done something the speaker or writer considers to be foolish.', example='You just tried to start your car with your cell phone. Hello?'}, Definition{definition='An expression of puzzlement or discovery.', example='Hello! What’s going on here?'}]}]}
[2024.01.23. 20:07:46:702 CET] 0000002f SystemOut                                                    O WordApiResponse{word='hello', phonetic='null', meanings=[Meaning{partOfSpeech='noun', definitions=[Definition{definition='"Hello!" or an equivalent greeting.', example='null'}]}, Meaning{partOfSpeech='verb', definitions=[Definition{definition='To greet with "hello".', example='null'}]}, Meaning{partOfSpeech='interjection', definitions=[Definition{definition='A greeting (salutation) said when meeting someone or acknowledging someone’s arrival or presence.', example='Hello, everyone.'}, Definition{definition='A greeting used when answering the telephone.', example='Hello? How may I help you?'}, Definition{definition='A call for response if it is not clear if anyone is present or listening, or if a telephone conversation may have been disconnected.', example='Hello? Is anyone there?'}, Definition{definition='Used sarcastically to imply that the person addressed or referred to has done something the speaker or writer considers to be foolish.', example='You just tried to start your car with your cell phone. Hello?'}, Definition{definition='An expression of puzzlement or discovery.', example='Hello! What’s going on here?'}]}]}
[2024.01.23. 20:11:26:892 CET] 00000011 com.ibm.ws.kernel.launch.internal.ServerCommandListener      A CWWKE0055I: Server shutdown requested on 2024. január 23. at 20:11. The server defaultServer is shutting down.
[2024.01.23. 20:11:26:899 CET] 000000f2 com.ibm.ws.runtime.update.internal.RuntimeUpdateManagerImpl  A CWWKE1100I: Waiting for up to 30 seconds for the server to quiesce.
[2024.01.23. 20:11:26:924 CET] 00000073 com.ibm.ws.tcpchannel.internal.TCPChannel                    I CWWKO0220I: TCP Channel defaultHttpEndpoint has stopped listening for requests on host view-localhost  (IPv4: 127.0.0.1) port 9080.
[2024.01.23. 20:11:26:928 CET] 00000073 com.ibm.ws.http.internal.VirtualHostImpl                     A CWWKT0017I: Web application removed (default_host): http://localhost:9080/anagram/
[2024.01.23. 20:11:27:945 CET] 000000f2 com.ibm.ws.runtime.update.internal.RuntimeUpdateManagerImpl  I CWWKE1101I: Server quiesce complete.
[2024.01.23. 20:11:28:004 CET] 000000ef com.ibm.ws.webcontainer.servlet                              I SRVE0253I: [anagram] [/anagram] [javax.ws.rs.core.Application]: Destroy successful.
[2024.01.23. 20:11:28:006 CET] 000000ef SystemOut                                                    O The Liberty server has stopped.
[2024.01.23. 20:11:28:030 CET] 000000ef com.ibm.ws.app.manager.AppMessageHelper                      A CWWKZ0009I: The application anagram has stopped successfully.
[2024.01.23. 20:11:28:118 CET] 000000f2 com.ibm.ws.security.ready.internal.SecurityReadyServiceImpl  I CWWKS0009I: The security service has stopped.
[2024.01.23. 20:11:28:135 CET] 000000f2 ibm.ws.security.authentication.internal.jaas.JAASServiceImpl I CWWKS1124I: The collective authentication plugin with class name NullCollectiveAuthenticationPlugin has been deactivated. 
[2024.01.23. 20:11:29:549 CET] 00000001 com.ibm.ws.kernel.launch.internal.FrameworkManager           A CWWKE0036I: The server defaultServer stopped after 5 minutes, 4,262 seconds.
